<?xml version="1.0" encoding="UTF-8"?>
<robot generator="Robot 7.3.2 (Python 3.13.5 on darwin)" generated="2025-09-09T14:26:39.321491" rpa="false" schemaversion="5">
<suite id="s1" name="Test" source="/Users/jengcharat/Desktop/sqa/lab10/test.robot">
<test id="s1-t1" name="Open Google" line="6">
<kw name="Open Browser" owner="SeleniumLibrary">
<msg time="2025-09-09T14:26:39.424489" level="INFO">Opening browser 'firefox' to base url 'https://www.google.com'.</msg>
<arg>https://www.google.com</arg>
<arg>firefox</arg>
<doc>Opens a new browser instance to the optional ``url``.</doc>
<status status="PASS" start="2025-09-09T14:26:39.424373" elapsed="3.220792"/>
</kw>
<kw name="Title Should Be" owner="SeleniumLibrary">
<msg time="2025-09-09T14:26:42.648640" level="INFO">Page title is 'Google'.</msg>
<arg>Google</arg>
<doc>Verifies that the current page title equals ``title``.</doc>
<status status="PASS" start="2025-09-09T14:26:42.645670" elapsed="0.003040"/>
</kw>
<kw name="Close Browser" owner="SeleniumLibrary">
<doc>Closes the current browser.</doc>
<status status="PASS" start="2025-09-09T14:26:42.648862" elapsed="0.805145"/>
</kw>
<status status="PASS" start="2025-09-09T14:26:39.423875" elapsed="4.030279"/>
</test>
<status status="PASS" start="2025-09-09T14:26:39.322300" elapsed="4.132113"/>
</suite>
<statistics>
<total>
<stat pass="1" fail="0" skip="0">All Tests</stat>
</total>
<tag>
</tag>
<suite>
<stat name="Test" id="s1" pass="1" fail="0" skip="0">Test</stat>
</suite>
</statistics>
<errors>
</errors>
</robot>
